

*******************************************************************************
Thu May 19 11:49:06 2016


FIT:    data read from "res/comparison.dat" u 3:4
        format = x:z
        #datapoints = 6
        residuals are weighted equally (unit weight)

function used for fitting: f(x)
	f(x) = m*x+b
fitted parameters initialized with current variable values

iter      chisq       delta/lim  lambda   m             b            
   0 1.1643000009e+05   0.00e+00  4.13e+00    1.000000e+00   1.000000e+00
   6 2.1149117482e-10  -5.76e-05  4.13e-06    3.700000e+01  -7.199999e+01

After 6 iterations the fit converged.
final sum of squares of residuals : 2.11491e-10
rel. change during last iteration : -5.75868e-10

degrees of freedom    (FIT_NDF)                        : 4
rms of residuals      (FIT_STDFIT) = sqrt(WSSR/ndf)    : 7.27137e-06
variance of residuals (reduced chisquare) = WSSR/ndf   : 5.28728e-11

Final set of parameters            Asymptotic Standard Error
=======================            ==========================
m               = 37               +/- 1.738e-06    (4.698e-06%)
b               = -72              +/- 1.001e-05    (1.39e-05%)

correlation matrix of the fit parameters:
                m      b      
m               1.000 
b              -0.955  1.000 
